<?xml version="1.0" encoding="UTF-8"?>
<robot generator="Robot 7.4.2 (Python 3.12.3 on linux)" generated="2026-05-27T23:39:02.137738" rpa="false" schemaversion="5">
<suite id="s1" name="TejoOne" source="/home/alexandre/MPLABProjects/TejoOne">
<suite id="s1-s1" name="Tests" source="/home/alexandre/MPLABProjects/TejoOne/tests">
<suite id="s1-s1-s1" name="Smoke" source="/home/alexandre/MPLABProjects/TejoOne/tests/smoke.robot">
<kw name="Connect And Program Target" type="SETUP">
<kw name="Start Mdb" owner="MdbLibrary">
<msg time="2026-05-27T23:39:02.158073" level="INFO">Launching MDB: /opt/microchip/mplabx/v6.30/mplab_platform/bin/mdb.sh</msg>
<doc>Spawn mdb.sh and wait for its first prompt.</doc>
<status status="PASS" start="2026-05-27T23:39:02.157981" elapsed="1.348721"/>
</kw>
<kw name="Connect Pkob4" owner="MdbLibrary">
<msg time="2026-05-27T23:39:03.507075" level="INFO">pkob4</msg>
<msg time="2026-05-27T23:39:05.236544" level="INFO">Connected to on-board PKoB4 debugger.</msg>
<arg>${DEVICE}</arg>
<doc>Select the target device and the configured bench.</doc>
<status status="PASS" start="2026-05-27T23:39:03.506889" elapsed="1.729808"/>
</kw>
<kw name="Program" owner="MdbLibrary">
<arg>${ELF}</arg>
<doc>Program the target with the given .elf file.</doc>
<status status="PASS" start="2026-05-27T23:39:05.236833" elapsed="2.747786"/>
</kw>
<status status="PASS" start="2026-05-27T23:39:02.157778" elapsed="5.826987"/>
</kw>
<test id="s1-s1-s1-t1" name="LATJ Matches MCC Configuration" line="23">
<kw name="Run" owner="MdbLibrary">
<doc>Resume target execution.</doc>
<status status="PASS" start="2026-05-27T23:39:07.991329" elapsed="0.006984"/>
</kw>
<kw name="Sleep" owner="BuiltIn">
<msg time="2026-05-27T23:39:12.998813" level="INFO">Slept 5 seconds.</msg>
<arg>5.00</arg>
<doc>Pauses the test executed for the given time.</doc>
<status status="PASS" start="2026-05-27T23:39:07.998466" elapsed="5.000524"/>
</kw>
<kw name="Read Symbol" owner="MdbLibrary">
<msg time="2026-05-27T23:39:13.005622" level="INFO">LATJ = 0 (0x0)</msg>
<msg time="2026-05-27T23:39:13.005760" level="INFO">${value} = 0</msg>
<var>${value}</var>
<arg>LATJ</arg>
<doc>Read a symbol (C variable or named SFR) and return its integer value.</doc>
<status status="PASS" start="2026-05-27T23:39:12.999268" elapsed="0.006534"/>
</kw>
<kw name="Should Be Equal As Integers" owner="BuiltIn">
<msg time="2026-05-27T23:39:13.006377" level="FAIL">0 != 80</msg>
<arg>${value}</arg>
<arg>${EXPECTED_LATJ}</arg>
<doc>Fails if objects are unequal after converting them to integers.</doc>
<status status="FAIL" start="2026-05-27T23:39:13.006004" elapsed="0.004714">0 != 80</status>
</kw>
<doc>After programming, the LATJ register
must equal the value set by MCC on LATJ7 (80).</doc>
<status status="FAIL" start="2026-05-27T23:39:07.984836" elapsed="5.026087">0 != 80</status>
</test>
<kw name="Run Keyword And Ignore Error" owner="BuiltIn" type="TEARDOWN">
<kw name="Quit" owner="MdbLibrary">
<doc>Send 'Quit' to MDB and wait for the process to exit.</doc>
<status status="PASS" start="2026-05-27T23:39:13.021838" elapsed="1.565382"/>
</kw>
<arg>Quit</arg>
<doc>Runs the given keyword with the given arguments and ignores possible error.</doc>
<status status="PASS" start="2026-05-27T23:39:13.021576" elapsed="1.565845"/>
</kw>
<doc>Smoke test for the TejoOne firmware via MPLAB PKoB4.

Drives the on-board PKoB4 debugger through MDB. Programs the
target with the current default.elf and reads the PR2 Timer 2
period register to confirm it matches the value set by the
MCC configuration.

IMPORTANT: Close any active MPLAB X / VS Code debug session
before running this suite. Only one client can own the PKoB4
at a time.</doc>
<status status="FAIL" start="2026-05-27T23:39:02.155657" elapsed="12.431863"/>
</suite>
<status status="FAIL" start="2026-05-27T23:39:02.154071" elapsed="12.435829"/>
</suite>
<status status="FAIL" start="2026-05-27T23:39:02.139590" elapsed="12.451400"/>
</suite>
<statistics>
<total>
<stat pass="0" fail="1" skip="0">All Tests</stat>
</total>
<tag>
</tag>
<suite>
<stat name="TejoOne" id="s1" pass="0" fail="1" skip="0">TejoOne</stat>
<stat name="Tests" id="s1-s1" pass="0" fail="1" skip="0">TejoOne.Tests</stat>
<stat name="Smoke" id="s1-s1-s1" pass="0" fail="1" skip="0">TejoOne.Tests.Smoke</stat>
</suite>
</statistics>
<errors>
</errors>
</robot>
